2024-09-27 18:06:41:641 - [32minfo[39m - [32mAplicação está funcionando na porta: 3000[39m
2024-09-27 18:08:25:825 - [32minfo[39m - [32mConectou ao banco de dados![39m
2024-09-27 18:08:25:825 - [32minfo[39m - [32mAplicação está funcionando na porta: 3000[39m
2024-09-27 18:08:40:840 - [32minfo[39m - [32mConectou ao banco de dados![39m
2024-09-27 18:08:40:840 - [32minfo[39m - [32mAplicação está funcionando na porta: 3000[39m
2024-09-27 18:09:49:949 - [31merror[39m - [31mNão possível conectar[39m
2024-09-27 18:09:49:949 - [31merror[39m - [31mErro: Error: querySrv ENOTFOUND _mongodb._tcp.cluster0.3g6no.mongodb.net[39m
2024-09-27 18:09:49:949 - [32minfo[39m - [32mAplicação está funcionando na porta: 3000[39m
2024-09-27 18:10:10:1010 - [32minfo[39m - [32mConectou ao banco de dados![39m
2024-09-27 18:10:10:1010 - [32minfo[39m - [32mAplicação está funcionando na porta: 3000[39m
2024-09-27 18:10:22:1022 - [32minfo[39m - [32mConectou ao banco de dados![39m
2024-09-27 18:10:22:1022 - [32minfo[39m - [32mAplicação está funcionando na porta: 3000[39m
2024-09-27 18:10:28:1028 - [31merror[39m - [31mNão foi possível conectar[39m
2024-09-27 18:10:28:1028 - [31merror[39m - [31mErro: Error: querySrv ENOTFOUND _mongodb._tcp.cluster0.3g6no.mongodb.net[39m
2024-09-27 18:10:28:1028 - [32minfo[39m - [32mAplicação está funcionando na porta: 3000[39m
2024-09-27 18:10:39:1039 - [31merror[39m - [31mNão foi possível conectar![39m
2024-09-27 18:10:40:1040 - [31merror[39m - [31mErro: Error: querySrv ENOTFOUND _mongodb._tcp.cluster0.3g6no.mongodb.net[39m
2024-09-27 18:10:40:1040 - [32minfo[39m - [32mAplicação está funcionando na porta: 3000[39m
2024-09-27 18:10:47:1047 - [32minfo[39m - [32mConectou ao banco de dados![39m
2024-09-27 18:10:48:1048 - [32minfo[39m - [32mAplicação está funcionando na porta: 3000[39m
2024-09-27 18:11:21:1121 - [32minfo[39m - [32mConectou ao banco de dados![39m
2024-09-27 18:11:21:1121 - [32minfo[39m - [32mAplicação está funcionando na porta: 3000[39m
2024-09-27 18:11:43:1143 - [31merror[39m - [31mNão foi possível conectar![39m
2024-09-27 18:12:12:1212 - [32minfo[39m - [32mConectou ao banco de dados![39m
2024-09-27 18:12:12:1212 - [32minfo[39m - [32mAplicação está funcionando na porta: 3000[39m
2024-09-27 18:17:38:1738 - [32minfo[39m - [32mConectou ao banco de dados![39m
2024-09-27 18:17:38:1738 - [32minfo[39m - [32mAplicação está funcionando na porta: 3000[39m
2024-09-27 18:18:08:188 - [32minfo[39m - [32mConectou ao banco de dados![39m
2024-09-27 18:18:08:188 - [32minfo[39m - [32mAplicação está funcionando na porta: 3000[39m
2024-09-27 18:19:39:1939 - [32minfo[39m - [32mConectou ao banco de dados![39m
2024-09-27 18:19:39:1939 - [32minfo[39m - [32mAplicação está funcionando na porta: 3000[39m
2024-09-27 18:33:34:3334 - [32minfo[39m - [32mConectou ao banco de dados![39m
2024-09-27 18:33:34:3334 - [32minfo[39m - [32mAplicação está funcionando na porta: 3000[39m
2024-10-03 11:46:31:4631 - [32minfo[39m: [32mConectou ao banco de dados![39m
2024-10-03 11:46:31:4631 - [32minfo[39m: [32mAplicação está funcionando na porta: 3000[39m
2024-10-03 11:47:16:4716 - [31merror[39m: [31mNão foi possível conectar![39m
2024-10-03 11:47:23:4723 - [32minfo[39m: [32mConectou ao banco de dados![39m
2024-10-03 11:47:23:4723 - [32minfo[39m: [32mAplicação está funcionando na porta: 3000[39m
2024-10-03 11:54:29:5429 - [32minfo[39m: [32mConectou ao banco de dados![39m
2024-10-03 11:54:29:5429 - [32minfo[39m: [32mAplicação está funcionando na porta: 3000[39m
2024-10-03 11:55:13:5513 - [32minfo[39m: [32mConectou ao banco de dados![39m
2024-10-03 11:55:13:5513 - [32minfo[39m: [32mAplicação está funcionando na porta: 3000[39m
2024-10-03 11:55:16:5516 - [35mhttp[39m: [35mGET /api/test 200 : res[content-length] - 7.537 ms[39m
[35m[39m
2024-10-03 11:56:21:5621 - [32minfo[39m: [32mConectou ao banco de dados![39m
2024-10-03 11:56:21:5621 - [32minfo[39m: [32mAplicação está funcionando na porta: 3000[39m
2024-10-03 11:56:22:5622 - [35mhttp[39m: [35mGET /api/test 200 12 - 6.009 ms[39m
[35m[39m
2024-10-03 12:44:09:449 - [32minfo[39m: [32mConectou ao banco de dados![39m
2024-10-03 12:44:09:449 - [32minfo[39m: [32mAplicação está funcionando na porta: 3000[39m
2024-10-03 12:46:06:466 - [35mhttp[39m: [35mPOST /api/movie 200 22 - 4.426 ms[39m
[35m[39m
2024-10-03 12:55:52:5552 - [32minfo[39m: [32mConectou ao banco de dados![39m
2024-10-03 12:55:52:5552 - [32minfo[39m: [32mAplicação está funcionando na porta: 3000[39m
2024-10-03 12:56:20:5620 - [32minfo[39m: [32mConectou ao banco de dados![39m
2024-10-03 12:56:20:5620 - [32minfo[39m: [32mAplicação está funcionando na porta: 3000[39m
2024-10-03 13:02:33:233 - [32minfo[39m: [32mConectou ao banco de dados![39m
2024-10-03 13:02:33:233 - [32minfo[39m: [32mAplicação está funcionando na porta: 3000[39m
2024-10-03 13:03:50:350 - [32minfo[39m: [32mConectou ao banco de dados![39m
2024-10-03 13:03:50:350 - [32minfo[39m: [32mAplicação está funcionando na porta: 3000[39m
2024-10-03 13:04:12:412 - [32minfo[39m: [32mConectou ao banco de dados![39m
2024-10-03 13:04:12:412 - [32minfo[39m: [32mAplicação está funcionando na porta: 3000[39m
2024-10-03 13:04:35:435 - [32minfo[39m: [32mConectou ao banco de dados![39m
2024-10-03 13:04:35:435 - [32minfo[39m: [32mAplicação está funcionando na porta: 3000[39m
2024-10-03 13:05:27:527 - [35mhttp[39m: [35mPOST /api/movie 201 155 - 57.386 ms[39m
[35m[39m
2024-10-03 15:35:46:3546 - [32minfo[39m: [32mConectou ao banco de dados![39m
2024-10-03 15:35:46:3546 - [32minfo[39m: [32mAplicação está funcionando na porta: 3000[39m
2024-10-03 16:39:32:3932 - [32minfo[39m: [32mConectou ao banco de dados![39m
2024-10-03 16:39:32:3932 - [32minfo[39m: [32mAplicação está funcionando na porta: 3000[39m
2024-10-03 16:39:42:3942 - [32minfo[39m: [32mConectou ao banco de dados![39m
2024-10-03 16:39:42:3942 - [32minfo[39m: [32mAplicação está funcionando na porta: 3000[39m
2024-10-03 16:51:29:5129 - [32minfo[39m: [32mConectou ao banco de dados![39m
2024-10-03 16:51:29:5129 - [32minfo[39m: [32mAplicação está funcionando na porta: 3000[39m
2024-10-03 16:51:36:5136 - [32minfo[39m: [32mConectou ao banco de dados![39m
2024-10-03 16:51:36:5136 - [32minfo[39m: [32mAplicação está funcionando na porta: 3000[39m
2024-10-03 16:51:55:5155 - [32minfo[39m: [32mConectou ao banco de dados![39m
2024-10-03 16:51:55:5155 - [32minfo[39m: [32mAplicação está funcionando na porta: 3000[39m
2024-10-03 16:56:08:568 - [32minfo[39m: [32mConectou ao banco de dados![39m
2024-10-03 16:56:08:568 - [32minfo[39m: [32mAplicação está funcionando na porta: 3000[39m
2024-10-03 16:56:21:5621 - [32minfo[39m: [32mConectou ao banco de dados![39m
2024-10-03 16:56:21:5621 - [32minfo[39m: [32mAplicação está funcionando na porta: 3000[39m
2024-10-03 16:56:36:5636 - [32minfo[39m: [32mConectou ao banco de dados![39m
2024-10-03 16:56:36:5636 - [32minfo[39m: [32mAplicação está funcionando na porta: 3000[39m
2024-10-03 16:58:14:5814 - [32minfo[39m: [32mConectou ao banco de dados![39m
2024-10-03 16:58:14:5814 - [32minfo[39m: [32mAplicação está funcionando na porta: 3000[39m
2024-10-03 16:59:10:5910 - [32minfo[39m: [32mConectou ao banco de dados![39m
2024-10-03 16:59:10:5910 - [32minfo[39m: [32mAplicação está funcionando na porta: 3000[39m
2024-10-03 17:06:44:644 - [32minfo[39m: [32mConectou ao banco de dados![39m
2024-10-03 17:06:44:644 - [32minfo[39m: [32mAplicação está funcionando na porta: 3000[39m
2024-10-03 17:06:52:652 - [35mhttp[39m: [35mPOST /api/movie 201 156 - 63.635 ms[39m
[35m[39m
2024-10-03 17:09:20:920 - [32minfo[39m: [32mConectou ao banco de dados![39m
2024-10-03 17:09:20:920 - [32minfo[39m: [32mAplicação está funcionando na porta: 3000[39m
2024-10-03 17:15:29:1529 - [32minfo[39m: [32mConectou ao banco de dados![39m
2024-10-03 17:15:29:1529 - [32minfo[39m: [32mAplicação está funcionando na porta: 3000[39m
2024-10-03 17:15:37:1537 - [35mhttp[39m: [35mPOST /api/movie 201 151 - 69.997 ms[39m
[35m[39m
2024-10-03 17:24:53:2453 - [32minfo[39m: [32mConectou ao banco de dados![39m
2024-10-03 17:24:53:2453 - [32minfo[39m: [32mAplicação está funcionando na porta: 3000[39m
2024-10-03 17:27:14:2714 - [32minfo[39m: [32mConectou ao banco de dados![39m
2024-10-03 17:27:14:2714 - [32minfo[39m: [32mAplicação está funcionando na porta: 3000[39m
2024-10-03 17:27:53:2753 - [32minfo[39m: [32mConectou ao banco de dados![39m
2024-10-03 17:27:53:2753 - [32minfo[39m: [32mAplicação está funcionando na porta: 3000[39m
2024-10-03 17:40:07:407 - [32minfo[39m: [32mConectou ao banco de dados![39m
2024-10-03 17:40:07:407 - [32minfo[39m: [32mAplicação está funcionando na porta: 3000[39m
2024-10-03 17:40:23:4023 - [32minfo[39m: [32mConectou ao banco de dados![39m
2024-10-03 17:40:23:4023 - [32minfo[39m: [32mAplicação está funcionando na porta: 3000[39m
2024-10-03 17:40:53:4053 - [32minfo[39m: [32mConectou ao banco de dados![39m
2024-10-03 17:40:53:4053 - [32minfo[39m: [32mAplicação está funcionando na porta: 3000[39m
2024-10-03 17:42:00:420 - [32minfo[39m: [32mConectou ao banco de dados![39m
2024-10-03 17:42:00:420 - [32minfo[39m: [32mAplicação está funcionando na porta: 3000[39m
2024-10-03 17:46:07:467 - [32minfo[39m: [32mConectou ao banco de dados![39m
2024-10-03 17:46:07:467 - [32minfo[39m: [32mAplicação está funcionando na porta: 3000[39m
2024-10-03 17:46:44:4644 - [35mhttp[39m: [35mPOST /api/movie 422 40 - 6.059 ms[39m
[35m[39m
2024-10-03 17:46:54:4654 - [35mhttp[39m: [35mPOST /api/movie 201 143 - 60.487 ms[39m
[35m[39m
2024-10-03 17:50:30:5030 - [32minfo[39m: [32mConectou ao banco de dados![39m
2024-10-03 17:50:30:5030 - [32minfo[39m: [32mAplicação está funcionando na porta: 3000[39m
2024-10-03 17:50:38:5038 - [35mhttp[39m: [35mPOST /api/movie 422 44 - 7.390 ms[39m
[35m[39m
2024-10-03 17:50:56:5056 - [32minfo[39m: [32mConectou ao banco de dados![39m
2024-10-03 17:50:56:5056 - [32minfo[39m: [32mAplicação está funcionando na porta: 3000[39m
2024-10-03 17:51:43:5143 - [35mhttp[39m: [35mPOST /api/movie 201 172 - 60.842 ms[39m
[35m[39m
2024-10-03 17:52:00:520 - [35mhttp[39m: [35mPOST /api/movie 422 44 - 4.638 ms[39m
[35m[39m
2024-10-03 17:54:19:5419 - [32minfo[39m: [32mConectou ao banco de dados![39m
2024-10-03 17:54:19:5419 - [32minfo[39m: [32mAplicação está funcionando na porta: 3000[39m
2024-10-03 17:54:37:5437 - [35mhttp[39m: [35mPOST /api/movie 422 46 - 6.368 ms[39m
[35m[39m
2024-10-03 17:56:26:5626 - [32minfo[39m: [32mConectou ao banco de dados![39m
2024-10-03 17:56:26:5626 - [32minfo[39m: [32mAplicação está funcionando na porta: 3000[39m
2024-10-03 17:56:39:5639 - [35mhttp[39m: [35mPOST /api/movie 422 45 - 6.946 ms[39m
[35m[39m
2024-10-03 17:57:11:5711 - [35mhttp[39m: [35mPOST /api/movie 201 224 - 72.677 ms[39m
[35m[39m
2024-10-03 17:58:35:5835 - [32minfo[39m: [32mConectou ao banco de dados![39m
2024-10-03 17:58:35:5835 - [32minfo[39m: [32mAplicação está funcionando na porta: 3000[39m
2024-10-03 17:59:47:5947 - [35mhttp[39m: [35mPOST /api/movie 422 44 - 8.019 ms[39m
[35m[39m
2024-10-03 18:00:37:037 - [35mhttp[39m: [35mPOST /api/movie 201 310 - 77.362 ms[39m
[35m[39m
2024-10-03 18:29:04:294 - [32minfo[39m: [32mConectou ao banco de dados![39m
2024-10-03 18:29:04:294 - [32minfo[39m: [32mAplicação está funcionando na porta: 3000[39m
2024-10-03 18:31:17:3117 - [32minfo[39m: [32mConectou ao banco de dados![39m
2024-10-03 18:31:17:3117 - [32minfo[39m: [32mAplicação está funcionando na porta: 3000[39m
2024-10-03 18:36:09:369 - [32minfo[39m: [32mConectou ao banco de dados![39m
2024-10-03 18:36:09:369 - [32minfo[39m: [32mAplicação está funcionando na porta: 3000[39m
2024-10-03 18:36:53:3653 - [32minfo[39m: [32mConectou ao banco de dados![39m
2024-10-03 18:36:53:3653 - [32minfo[39m: [32mAplicação está funcionando na porta: 3000[39m
2024-10-03 18:37:28:3728 - [32minfo[39m: [32mConectou ao banco de dados![39m
2024-10-03 18:37:28:3728 - [32minfo[39m: [32mAplicação está funcionando na porta: 3000[39m
2024-10-03 18:38:10:3810 - [32minfo[39m: [32mConectou ao banco de dados![39m
2024-10-03 18:38:10:3810 - [32minfo[39m: [32mAplicação está funcionando na porta: 3000[39m
2024-10-03 18:38:20:3820 - [32minfo[39m: [32mConectou ao banco de dados![39m
2024-10-03 18:38:20:3820 - [32minfo[39m: [32mAplicação está funcionando na porta: 3000[39m
2024-10-03 18:38:31:3831 - [32minfo[39m: [32mConectou ao banco de dados![39m
2024-10-03 18:38:31:3831 - [32minfo[39m: [32mAplicação está funcionando na porta: 3000[39m
2024-10-03 18:39:21:3921 - [32minfo[39m: [32mConectou ao banco de dados![39m
2024-10-03 18:39:21:3921 - [32minfo[39m: [32mAplicação está funcionando na porta: 3000[39m
2024-10-03 18:40:46:4046 - [32minfo[39m: [32mConectou ao banco de dados![39m
2024-10-03 18:40:46:4046 - [32minfo[39m: [32mAplicação está funcionando na porta: 3000[39m
2024-10-03 18:43:48:4348 - [32minfo[39m: [32mConectou ao banco de dados![39m
2024-10-03 18:43:48:4348 - [32minfo[39m: [32mAplicação está funcionando na porta: 3000[39m
2024-10-03 18:44:13:4413 - [32minfo[39m: [32mConectou ao banco de dados![39m
2024-10-03 18:44:13:4413 - [32minfo[39m: [32mAplicação está funcionando na porta: 3000[39m
2024-10-03 18:45:22:4522 - [32minfo[39m: [32mConectou ao banco de dados![39m
2024-10-03 18:45:22:4522 - [32minfo[39m: [32mAplicação está funcionando na porta: 3000[39m
2024-10-03 18:47:05:475 - [32minfo[39m: [32mConectou ao banco de dados![39m
2024-10-03 18:47:05:475 - [32minfo[39m: [32mAplicação está funcionando na porta: 3000[39m
2024-10-03 18:49:13:4913 - [32minfo[39m: [32mConectou ao banco de dados![39m
2024-10-03 18:49:13:4913 - [32minfo[39m: [32mAplicação está funcionando na porta: 3000[39m
2024-10-03 18:50:02:502 - [32minfo[39m: [32mConectou ao banco de dados![39m
2024-10-03 18:50:02:502 - [32minfo[39m: [32mAplicação está funcionando na porta: 3000[39m
2024-10-03 18:50:14:5014 - [35mhttp[39m: [35mPOST /api/movie 422 44 - 9.152 ms[39m
[35m[39m
2024-10-03 18:50:24:5024 - [35mhttp[39m: [35mPOST /api/movie 422 44 - 2.486 ms[39m
[35m[39m
2024-10-03 18:50:36:5036 - [35mhttp[39m: [35mPOST /api/movie 422 81 - 1.452 ms[39m
[35m[39m
2024-10-03 18:51:46:5146 - [35mhttp[39m: [35mPOST /api/movie 422 114 - 1.755 ms[39m
[35m[39m
2024-10-03 18:51:58:5158 - [35mhttp[39m: [35mPOST /api/movie 422 148 - 0.792 ms[39m
[35m[39m
2024-10-03 18:52:08:528 - [35mhttp[39m: [35mPOST /api/movie 422 146 - 1.195 ms[39m
[35m[39m
2024-10-03 18:52:35:5235 - [35mhttp[39m: [35mPOST /api/movie 422 222 - 0.808 ms[39m
[35m[39m
2024-10-04 17:22:01:221 - [32minfo[39m: [32mConectou ao banco de dados![39m
2024-10-04 17:22:01:221 - [32minfo[39m: [32mAplicação está funcionando na porta: 3000[39m
2024-10-04 17:22:01:221 - [31merror[39m: [31mErro no sistema: Cast to ObjectId failed for value "6546" (type string) at path "_id" for model "Movie"[39m
2024-10-04 17:22:01:221 - [35mhttp[39m: [35mGET /api//movie/6546 500 27 - 11.939 ms[39m
[35m[39m
2024-10-04 17:22:52:2252 - [32minfo[39m: [32mConectou ao banco de dados![39m
2024-10-04 17:22:52:2252 - [32minfo[39m: [32mAplicação está funcionando na porta: 3000[39m
2024-10-04 17:22:54:2254 - [31merror[39m: [31mErro no sistema: Cast to ObjectId failed for value "6546be" (type string) at path "_id" for model "Movie"[39m
2024-10-04 17:22:54:2254 - [35mhttp[39m: [35mGET /api//movie/6546be 500 27 - 7.876 ms[39m
[35m[39m
2024-10-04 17:23:47:2347 - [35mhttp[39m: [35mGET /api//movie/66fec3294f504d3b88881a44 - - - - ms[39m
[35m[39m
2024-10-04 17:24:37:2437 - [32minfo[39m: [32mConectou ao banco de dados![39m
2024-10-04 17:24:37:2437 - [32minfo[39m: [32mAplicação está funcionando na porta: 3000[39m
2024-10-04 17:24:40:2440 - [32minfo[39m: [32mConectou ao banco de dados![39m
2024-10-04 17:24:40:2440 - [32minfo[39m: [32mAplicação está funcionando na porta: 3000[39m
2024-10-04 17:24:42:2442 - [35mhttp[39m: [35mGET /api//movie/66fec3294f504d3b88881a44 200 151 - 57.810 ms[39m
[35m[39m
2024-10-04 17:24:59:2459 - [32minfo[39m: [32mConectou ao banco de dados![39m
2024-10-04 17:24:59:2459 - [32minfo[39m: [32mAplicação está funcionando na porta: 3000[39m
2024-10-04 17:25:01:251 - [35mhttp[39m: [35mGET /api//movie/66fec3294f504d3b88881a44 200 151 - 55.375 ms[39m
[35m[39m
2024-10-04 17:25:07:257 - [32minfo[39m: [32mConectou ao banco de dados![39m
2024-10-04 17:25:07:257 - [32minfo[39m: [32mAplicação está funcionando na porta: 3000[39m
2024-10-04 17:25:08:258 - [35mhttp[39m: [35mGET /api//movie/66fec3294f504d3b88881a44 200 151 - 54.186 ms[39m
[35m[39m
2024-10-04 17:26:27:2627 - [32minfo[39m: [32mConectou ao banco de dados![39m
2024-10-04 17:26:27:2627 - [32minfo[39m: [32mAplicação está funcionando na porta: 3000[39m
2024-10-04 17:52:51:5251 - [32minfo[39m: [32mConectou ao banco de dados![39m
2024-10-04 17:52:51:5251 - [32minfo[39m: [32mAplicação está funcionando na porta: 3000[39m
2024-10-04 17:54:30:5430 - [32minfo[39m: [32mConectou ao banco de dados![39m
2024-10-04 17:54:30:5430 - [32minfo[39m: [32mAplicação está funcionando na porta: 3000[39m
2024-10-04 17:55:01:551 - [32minfo[39m: [32mConectou ao banco de dados![39m
2024-10-04 17:55:01:551 - [32minfo[39m: [32mAplicação está funcionando na porta: 3000[39m
2024-10-04 17:58:53:5853 - [32minfo[39m: [32mConectou ao banco de dados![39m
2024-10-04 17:58:53:5853 - [32minfo[39m: [32mAplicação está funcionando na porta: 3000[39m
2024-10-04 18:21:03:213 - [32minfo[39m: [32mConectou ao banco de dados![39m
2024-10-04 18:21:03:213 - [32minfo[39m: [32mAplicação está funcionando na porta: 3000[39m
2024-10-04 18:21:55:2155 - [35mhttp[39m: [35mGET /api//movie/66fec3294f504d3b88881a44 200 151 - 57.848 ms[39m
[35m[39m
2024-10-04 18:27:41:2741 - [32minfo[39m: [32mConectou ao banco de dados![39m
2024-10-04 18:27:41:2741 - [32minfo[39m: [32mAplicação está funcionando na porta: 3000[39m
2024-10-04 18:28:19:2819 - [32minfo[39m: [32mConectou ao banco de dados![39m
2024-10-04 18:28:19:2819 - [32minfo[39m: [32mAplicação está funcionando na porta: 3000[39m
2024-10-04 18:28:59:2859 - [35mhttp[39m: [35mGET /api/movie 200 1018 - 57.388 ms[39m
[35m[39m
2024-10-04 18:35:47:3547 - [32minfo[39m: [32mConectou ao banco de dados![39m
2024-10-04 18:35:47:3547 - [32minfo[39m: [32mAplicação está funcionando na porta: 3000[39m
2024-10-04 18:36:44:3644 - [32minfo[39m: [32mConectou ao banco de dados![39m
2024-10-04 18:36:44:3644 - [32minfo[39m: [32mAplicação está funcionando na porta: 3000[39m
2024-10-04 18:37:32:3732 - [32minfo[39m: [32mConectou ao banco de dados![39m
2024-10-04 18:37:32:3732 - [32minfo[39m: [32mAplicação está funcionando na porta: 3000[39m
2024-10-04 18:38:56:3856 - [31merror[39m: [31mErro no sistema: CastError: Cast to ObjectId failed for value "54613" (type string) at path "_id" for model "Movie"[39m
2024-10-04 18:38:56:3856 - [35mhttp[39m: [35mDELETE /api/movie/54613 500 27 - 11.691 ms[39m
[35m[39m
2024-10-04 18:42:15:4215 - [31merror[39m: [31mErro no sistema: CastError: Cast to ObjectId failed for value "54613" (type string) at path "_id" for model "Movie"[39m
2024-10-04 18:42:15:4215 - [35mhttp[39m: [35mDELETE /api/movie/54613 500 27 - 4.789 ms[39m
[35m[39m
2024-10-04 18:42:24:4224 - [32minfo[39m: [32mConectou ao banco de dados![39m
2024-10-04 18:42:24:4224 - [32minfo[39m: [32mAplicação está funcionando na porta: 3000[39m
2024-10-04 18:42:25:4225 - [31merror[39m: [31mErro no sistema: CastError: Cast to ObjectId failed for value "54613" (type string) at path "_id" for model "Movie"[39m
2024-10-04 18:42:25:4225 - [35mhttp[39m: [35mDELETE /api/movie/54613 500 28 - 14.959 ms[39m
[35m[39m
2024-10-04 18:43:03:433 - [32minfo[39m: [32mConectou ao banco de dados![39m
2024-10-04 18:43:03:433 - [32minfo[39m: [32mAplicação está funcionando na porta: 3000[39m
2024-10-04 18:43:05:435 - [31merror[39m: [31mErro no sistema: CastError: Cast to ObjectId failed for value "54613" (type string) at path "_id" for model "Movie"[39m
2024-10-04 18:43:05:435 - [35mhttp[39m: [35mDELETE /api/movie/54613 500 28 - 9.068 ms[39m
[35m[39m
2024-10-04 18:43:26:4326 - [32minfo[39m: [32mConectou ao banco de dados![39m
2024-10-04 18:43:26:4326 - [32minfo[39m: [32mAplicação está funcionando na porta: 3000[39m
2024-10-04 18:43:28:4328 - [31merror[39m: [31mErro no sistema: CastError: Cast to ObjectId failed for value "54613" (type string) at path "_id" for model "Movie"[39m
2024-10-04 18:43:28:4328 - [35mhttp[39m: [35mDELETE /api/movie/54613 500 28 - 24.876 ms[39m
[35m[39m
2024-10-04 18:43:54:4354 - [32minfo[39m: [32mConectou ao banco de dados![39m
2024-10-04 18:43:54:4354 - [32minfo[39m: [32mAplicação está funcionando na porta: 3000[39m
2024-10-04 18:43:58:4358 - [31merror[39m: [31mErro no sistema: CastError: Cast to ObjectId failed for value "54613" (type string) at path "_id" for model "Movie"[39m
2024-10-04 18:43:58:4358 - [35mhttp[39m: [35mDELETE /api/movie/54613 500 28 - 15.191 ms[39m
[35m[39m
2024-10-04 18:44:51:4451 - [35mhttp[39m: [35mDELETE /api/movie/66fecb9f3f75f239b438b9d6 - - - - ms[39m
[35m[39m
2024-10-04 18:45:35:4535 - [32minfo[39m: [32mConectou ao banco de dados![39m
2024-10-04 18:45:35:4535 - [32minfo[39m: [32mAplicação está funcionando na porta: 3000[39m
2024-10-04 18:45:36:4536 - [35mhttp[39m: [35mDELETE /api/movie/66fecb9f3f75f239b438b9d6 200 172 - 67.516 ms[39m
[35m[39m
2024-10-04 18:45:53:4553 - [32minfo[39m: [32mConectou ao banco de dados![39m
2024-10-04 18:45:53:4553 - [32minfo[39m: [32mAplicação está funcionando na porta: 3000[39m
2024-10-04 18:45:57:4557 - [35mhttp[39m: [35mDELETE /api/movie/66fecb9f3f75f239b438b9d6 200 172 - 57.436 ms[39m
[35m[39m
2024-10-04 18:46:33:4633 - [32minfo[39m: [32mConectou ao banco de dados![39m
2024-10-04 18:46:33:4633 - [32minfo[39m: [32mAplicação está funcionando na porta: 3000[39m
2024-10-04 18:46:35:4635 - [35mhttp[39m: [35mDELETE /api/movie/66fecb9f3f75f239b438b9d6 200 172 - 64.519 ms[39m
[35m[39m
2024-10-04 18:46:38:4638 - [31merror[39m: [31mErro no sistema: CastError: Cast to ObjectId failed for value "66fecb9f3f75f239b438b9d" (type string) at path "_id" for model "Movie"[39m
2024-10-04 18:46:38:4638 - [35mhttp[39m: [35mDELETE /api/movie/66fecb9f3f75f239b438b9d 500 28 - 5.304 ms[39m
[35m[39m
2024-10-04 18:47:42:4742 - [31merror[39m: [31mErro no sistema: CastError: Cast to ObjectId failed for value "66fecb9f3f75f239b438b9d" (type string) at path "_id" for model "Movie"[39m
2024-10-04 18:47:42:4742 - [35mhttp[39m: [35mDELETE /api/movie/66fecb9f3f75f239b438b9d 500 28 - 12.522 ms[39m
[35m[39m
2024-10-04 18:47:43:4743 - [32minfo[39m: [32mConectou ao banco de dados![39m
2024-10-04 18:47:43:4743 - [32minfo[39m: [32mAplicação está funcionando na porta: 3000[39m
2024-10-04 18:47:51:4751 - [35mhttp[39m: [35mDELETE /api/movie/66fecb9f3f75f239b438b9d6 200 20 - 43.866 ms[39m
[35m[39m
2024-10-04 19:12:31:1231 - [32minfo[39m: [32mConectou ao banco de dados![39m
2024-10-04 19:12:31:1231 - [32minfo[39m: [32mAplicação está funcionando na porta: 3000[39m
2024-10-04 19:12:43:1243 - [35mhttp[39m: [35mDELETE /api/movie/66fecb9f3f75f239b438b9d6 - - - - ms[39m
[35m[39m
2024-10-04 19:12:48:1248 - [31merror[39m: [31mErro no sistema: CastError: Cast to ObjectId failed for value "66fecb9f3f75f239b438b9d" (type string) at path "_id" for model "Movie"[39m
2024-10-04 19:12:48:1248 - [35mhttp[39m: [35mDELETE /api/movie/66fecb9f3f75f239b438b9d 500 28 - 7.761 ms[39m
[35m[39m
2024-10-04 19:13:27:1327 - [32minfo[39m: [32mConectou ao banco de dados![39m
2024-10-04 19:13:27:1327 - [32minfo[39m: [32mAplicação está funcionando na porta: 3000[39m
2024-10-04 19:13:29:1329 - [31merror[39m: [31mErro no sistema: CastError: Cast to ObjectId failed for value "66fecb9f3f75f239b438b9d" (type string) at path "_id" for model "Movie"[39m
2024-10-04 19:13:29:1329 - [35mhttp[39m: [35mDELETE /api/movie/66fecb9f3f75f239b438b9d 500 28 - 11.468 ms[39m
[35m[39m
2024-10-04 19:13:44:1344 - [32minfo[39m: [32mConectou ao banco de dados![39m
2024-10-04 19:13:44:1344 - [32minfo[39m: [32mAplicação está funcionando na porta: 3000[39m
2024-10-04 19:13:44:1344 - [31merror[39m: [31mErro no sistema: CastError: Cast to ObjectId failed for value "66fecb9f3f75f239b438b9d" (type string) at path "_id" for model "Movie"[39m
2024-10-04 19:13:44:1344 - [35mhttp[39m: [35mDELETE /api/movie/66fecb9f3f75f239b438b9d 500 28 - 18.341 ms[39m
[35m[39m
2024-10-04 19:14:07:147 - [31merror[39m: [31mErro no sistema: CastError: Cast to ObjectId failed for value "66fecb9f3f75f239b438b9d" (type string) at path "_id" for model "Movie"[39m
2024-10-04 19:14:07:147 - [35mhttp[39m: [35mDELETE /api/movie/66fecb9f3f75f239b438b9d 500 28 - 15.872 ms[39m
[35m[39m
2024-10-04 19:14:07:147 - [32minfo[39m: [32mConectou ao banco de dados![39m
2024-10-04 19:14:07:147 - [32minfo[39m: [32mAplicação está funcionando na porta: 3000[39m
2024-10-04 19:14:14:1414 - [32minfo[39m: [32mConectou ao banco de dados![39m
2024-10-04 19:14:14:1414 - [32minfo[39m: [32mAplicação está funcionando na porta: 3000[39m
2024-10-04 19:14:39:1439 - [32minfo[39m: [32mConectou ao banco de dados![39m
2024-10-04 19:14:39:1439 - [32minfo[39m: [32mAplicação está funcionando na porta: 3000[39m
2024-10-04 19:15:05:155 - [32minfo[39m: [32mConectou ao banco de dados![39m
2024-10-04 19:15:05:155 - [32minfo[39m: [32mAplicação está funcionando na porta: 3000[39m
2024-10-04 19:15:08:158 - [31merror[39m: [31mErro no sistema: CastError: Cast to ObjectId failed for value "66fecb9f3f75f239b438b9d" (type string) at path "_id" for model "Movie"[39m
2024-10-04 19:15:08:158 - [35mhttp[39m: [35mDELETE /api/movie/66fecb9f3f75f239b438b9d 500 28 - 8.227 ms[39m
[35m[39m
2024-10-04 19:15:19:1519 - [31merror[39m: [31mErro no sistema: CastError: Cast to ObjectId failed for value "66fecb9f3f75f239b438b9d" (type string) at path "_id" for model "Movie"[39m
2024-10-04 19:15:19:1519 - [35mhttp[39m: [35mDELETE /api/movie/66fecb9f3f75f239b438b9d 500 28 - 3.242 ms[39m
[35m[39m
2024-10-04 19:15:38:1538 - [32minfo[39m: [32mConectou ao banco de dados![39m
2024-10-04 19:15:38:1538 - [32minfo[39m: [32mAplicação está funcionando na porta: 3000[39m
2024-10-04 19:15:41:1541 - [31merror[39m: [31mErro no sistema: CastError: Cast to ObjectId failed for value "66fecb9f3f75f239b438b9d" (type string) at path "_id" for model "Movie"[39m
2024-10-04 19:15:41:1541 - [35mhttp[39m: [35mDELETE /api/movie/66fecb9f3f75f239b438b9d 500 28 - 19.628 ms[39m
[35m[39m
2024-10-04 19:17:49:1749 - [32minfo[39m: [32mConectou ao banco de dados![39m
2024-10-04 19:17:49:1749 - [32minfo[39m: [32mAplicação está funcionando na porta: 3000[39m
2024-10-04 19:21:03:213 - [32minfo[39m: [32mConectou ao banco de dados![39m
2024-10-04 19:21:03:213 - [32minfo[39m: [32mAplicação está funcionando na porta: 3000[39m
2024-10-04 19:27:19:2719 - [32minfo[39m: [32mConectou ao banco de dados![39m
2024-10-04 19:27:19:2719 - [32minfo[39m: [32mAplicação está funcionando na porta: 3000[39m
2024-10-04 19:27:22:2722 - [32minfo[39m: [32mConectou ao banco de dados![39m
2024-10-04 19:27:22:2722 - [32minfo[39m: [32mAplicação está funcionando na porta: 3000[39m
2024-10-04 19:27:26:2726 - [35mhttp[39m: [35mDELETE /api/movie/66fecb9f3f75f239b438b9d 404 25 - 3.214 ms[39m
[35m[39m
2024-10-04 19:27:26:2726 - [31merror[39m: [31mErro no sistema: CastError: Cast to ObjectId failed for value "66fecb9f3f75f239b438b9d" (type string) at path "_id" for model "Movie"[39m
2024-10-04 19:28:40:2840 - [32minfo[39m: [32mConectou ao banco de dados![39m
2024-10-04 19:28:40:2840 - [32minfo[39m: [32mAplicação está funcionando na porta: 3000[39m
2024-10-04 19:28:40:2840 - [35mhttp[39m: [35mDELETE /api/movie/66fecb9f3f75f239b438b9d6 200 25 - 79.142 ms[39m
[35m[39m
2024-10-04 19:28:48:2848 - [31merror[39m: [31mErro no sistema: Error [ERR_HTTP_HEADERS_SENT]: Cannot set headers after they are sent to the client[39m
2024-10-04 19:28:48:2848 - [35mhttp[39m: [35mDELETE /api/movie/66fecb9f3f75f239b438b9d7 500 32 - 43.911 ms[39m
[35m[39m
2024-10-04 19:31:47:3147 - [32minfo[39m: [32mConectou ao banco de dados![39m
2024-10-04 19:31:47:3147 - [32minfo[39m: [32mAplicação está funcionando na porta: 3000[39m
2024-10-04 19:31:53:3153 - [31merror[39m: [31mErro no sistema: Error [ERR_HTTP_HEADERS_SENT]: Cannot set headers after they are sent to the client[39m
2024-10-04 19:31:53:3153 - [35mhttp[39m: [35mDELETE /api/movie/66fecb9f3f75f239b438b9d7 500 32 - 52.710 ms[39m
[35m[39m
2024-10-04 19:35:18:3518 - [32minfo[39m: [32mConectou ao banco de dados![39m
2024-10-04 19:35:18:3518 - [32minfo[39m: [32mAplicação está funcionando na porta: 3000[39m
2024-10-04 19:56:01:561 - [32minfo[39m: [32mConectou ao banco de dados![39m
2024-10-04 19:56:01:561 - [32minfo[39m: [32mAplicação está funcionando na porta: 3000[39m
2024-10-04 19:56:11:5611 - [32minfo[39m: [32mFilme removido com sucesso[39m
2024-10-04 19:56:11:5611 - [35mhttp[39m: [35mDELETE /api/movie/66fecb9f3f75f239b438b9d6 200 37 - 112.981 ms[39m
[35m[39m
2024-10-04 19:56:34:5634 - [35mhttp[39m: [35mDELETE /api/movie/66fecb9f3f75f239b438b9d6 404 32 - 47.730 ms[39m
[35m[39m
2024-10-04 19:56:34:5634 - [32minfo[39m: [32mFilme removido com sucesso[39m
2024-10-04 19:56:34:5634 - [31merror[39m: [31mErro no sistema: Error [ERR_HTTP_HEADERS_SENT]: Cannot set headers after they are sent to the client[39m
2024-10-04 19:59:54:5954 - [32minfo[39m: [32mConectou ao banco de dados![39m
2024-10-04 19:59:54:5954 - [32minfo[39m: [32mAplicação está funcionando na porta: 3000[39m
2024-10-04 20:00:29:029 - [32minfo[39m: [32mFilme removido com sucesso[39m
2024-10-04 20:00:29:029 - [31merror[39m: [31mErro no sistema: Error [ERR_HTTP_HEADERS_SENT]: Cannot set headers after they are sent to the client[39m
2024-10-04 20:00:29:029 - [35mhttp[39m: [35mDELETE /api/movie/66fecce758a69a6b009170e0 500 32 - 53.452 ms[39m
[35m[39m
2024-10-04 20:04:39:439 - [32minfo[39m: [32mConectou ao banco de dados![39m
2024-10-04 20:04:39:439 - [32minfo[39m: [32mAplicação está funcionando na porta: 3000[39m
2024-10-04 20:04:45:445 - [32minfo[39m: [32mFilme removido com sucesso[39m
2024-10-04 20:04:45:445 - [35mhttp[39m: [35mDELETE /api/movie/66fecce758a69a6b009170e1 200 37 - 105.454 ms[39m
[35m[39m
2024-10-04 20:05:22:522 - [32minfo[39m: [32mFilme removido com sucesso[39m
2024-10-04 20:05:22:522 - [31merror[39m: [31mErro no sistema: Error [ERR_HTTP_HEADERS_SENT]: Cannot set headers after they are sent to the client[39m
2024-10-04 20:05:22:522 - [35mhttp[39m: [35mDELETE /api/movie/66fecce758a69a6b009170e1 500 32 - 39.964 ms[39m
[35m[39m
2024-10-04 20:05:47:547 - [32minfo[39m: [32mConectou ao banco de dados![39m
2024-10-04 20:05:47:547 - [32minfo[39m: [32mAplicação está funcionando na porta: 3000[39m
2024-10-04 20:05:54:554 - [35mhttp[39m: [35mDELETE /api/movie/66fecce758a69a6b009170e 400 24 - 5.945 ms[39m
[35m[39m
2024-10-04 20:05:54:554 - [31merror[39m: [31mErro no sistema: CastError: Cast to ObjectId failed for value "66fecce758a69a6b009170e" (type string) at path "_id" for model "Movie"[39m
2024-10-04 20:07:44:744 - [32minfo[39m: [32mConectou ao banco de dados![39m
2024-10-04 20:07:44:744 - [32minfo[39m: [32mAplicação está funcionando na porta: 3000[39m
2024-10-04 20:07:49:749 - [32minfo[39m: [32mConectou ao banco de dados![39m
2024-10-04 20:07:49:749 - [32minfo[39m: [32mAplicação está funcionando na porta: 3000[39m
2024-10-04 20:07:53:753 - [35mhttp[39m: [35mDELETE /api/movie/66fecce758a69a6b009170e 400 24 - 3.059 ms[39m
[35m[39m
2024-10-04 20:18:02:182 - [32minfo[39m: [32mConectou ao banco de dados![39m
2024-10-04 20:18:02:182 - [32minfo[39m: [32mAplicação está funcionando na porta: 3000[39m
2024-10-04 20:18:24:1824 - [32minfo[39m: [32mConectou ao banco de dados![39m
2024-10-04 20:18:24:1824 - [32minfo[39m: [32mAplicação está funcionando na porta: 3000[39m
2024-10-07 17:33:15:3315 - [32minfo[39m: [32mConectou ao banco de dados![39m
2024-10-07 17:33:15:3315 - [32minfo[39m: [32mAplicação está funcionando na porta: 3000[39m
2024-10-07 17:35:08:358 - [32minfo[39m: [32mConectou ao banco de dados![39m
2024-10-07 17:35:08:358 - [32minfo[39m: [32mAplicação está funcionando na porta: 3000[39m
2024-10-07 17:37:17:3717 - [32minfo[39m: [32mConectou ao banco de dados![39m
2024-10-07 17:37:17:3717 - [32minfo[39m: [32mAplicação está funcionando na porta: 3000[39m
2024-10-07 17:39:09:399 - [35mhttp[39m: [35mPATCH /api/movie/66fe888771c52c8939983e0b - - - - ms[39m
[35m[39m
2024-10-07 17:41:07:417 - [32minfo[39m: [32mConectou ao banco de dados![39m
2024-10-07 17:41:07:417 - [32minfo[39m: [32mAplicação está funcionando na porta: 3000[39m
2024-10-07 17:42:32:4232 - [35mhttp[39m: [35mPATCH /api/movie/66fe888771c52c8939983e0b - - - - ms[39m
[35m[39m
2024-10-07 17:43:15:4315 - [32minfo[39m: [32mConectou ao banco de dados![39m
2024-10-07 17:43:15:4315 - [32minfo[39m: [32mAplicação está funcionando na porta: 3000[39m
2024-10-07 17:43:33:4333 - [35mhttp[39m: [35mPATCH /api/movie/66fe888771c52c8939983e0b 200 36 - 75.365 ms[39m
[35m[39m
2024-10-07 17:47:44:4744 - [32minfo[39m: [32mConectou ao banco de dados![39m
2024-10-07 17:47:44:4744 - [32minfo[39m: [32mAplicação está funcionando na porta: 3000[39m
2024-10-07 17:48:38:4838 - [32minfo[39m: [32mConectou ao banco de dados![39m
2024-10-07 17:48:38:4838 - [32minfo[39m: [32mAplicação está funcionando na porta: 3000[39m
2024-10-07 17:48:42:4842 - [35mhttp[39m: [35mPATCH /api/movie/66fe888771c52c8939983e0b 200 36 - 83.686 ms[39m
[35m[39m
2024-10-07 18:05:48:548 - [32minfo[39m: [32mConectou ao banco de dados![39m
2024-10-07 18:05:48:548 - [32minfo[39m: [32mAplicação está funcionando na porta: 3000[39m
2024-10-07 18:05:56:556 - [35mhttp[39m: [35mPATCH /api/movie/66fe888771c52c8939983e0b 200 36 - 121.697 ms[39m
[35m[39m
2024-10-07 18:06:19:619 - [32minfo[39m: [32mConectou ao banco de dados![39m
2024-10-07 18:06:19:619 - [32minfo[39m: [32mAplicação está funcionando na porta: 3000[39m
2024-10-07 18:06:23:623 - [35mhttp[39m: [35mPATCH /api/movie/66fe888771c52c8939983e0b 200 36 - 365.422 ms[39m
[35m[39m
2024-10-07 18:19:49:1949 - [35mhttp[39m: [35mPATCH /api/movie/66fe888771c52c8939983e0b 200 36 - 106.601 ms[39m
[35m[39m
2024-10-07 18:24:02:242 - [35mhttp[39m: [35mPATCH /api/movie/66fe888771c52c8939983e0b 200 36 - 91.408 ms[39m
[35m[39m
2024-10-07 18:33:15:3315 - [32minfo[39m: [32mConectou ao banco de dados![39m
2024-10-07 18:33:15:3315 - [32minfo[39m: [32mAplicação está funcionando na porta: 3000[39m
2024-10-07 18:33:41:3341 - [32minfo[39m: [32mConectou ao banco de dados![39m
2024-10-07 18:33:41:3341 - [32minfo[39m: [32mAplicação está funcionando na porta: 3000[39m
2024-10-07 18:33:56:3356 - [35mhttp[39m: [35mPATCH /api/movie/66fe888771c52c8939983e0b 200 36 - 105.736 ms[39m
[35m[39m
2024-10-07 18:37:28:3728 - [35mhttp[39m: [35mPATCH /api/movie/66fe888771c52c8939983e0b 200 36 - 91.114 ms[39m
[35m[39m
2024-10-07 18:38:04:384 - [35mhttp[39m: [35mPATCH /api/movie/66fe888771c52c8939983e0b 200 36 - 87.252 ms[39m
[35m[39m
2024-10-14 16:44:27:4427 - [32minfo[39m: [32mConectou ao banco de dados![39m
2024-10-14 16:44:27:4427 - [32minfo[39m: [32mAplicação está funcionando na porta: 3000[39m
2024-10-14 16:45:11:4511 - [35mhttp[39m: [35mGET /api/movie 200 676 - 58.473 ms[39m
[35m[39m
2024-10-14 16:46:02:462 - [32minfo[39m: [32mConectou ao banco de dados![39m
2024-10-14 16:46:02:462 - [32minfo[39m: [32mAplicação está funcionando na porta: 3000[39m
2024-10-14 16:46:48:4648 - [32minfo[39m: [32mConectou ao banco de dados![39m
2024-10-14 16:46:48:4648 - [32minfo[39m: [32mAplicação está funcionando na porta: 3000[39m
2024-10-21 12:10:42:1042 - [32minfo[39m: [32mConectou ao banco de dados![39m
2024-10-21 12:10:42:1042 - [32minfo[39m: [32mAplicação está funcionando na porta: 3000[39m
2024-10-21 12:11:21:1121 - [35mhttp[39m: [35mGET /api/test 200 12 - 4.188 ms[39m
[35m[39m
2024-10-21 12:11:43:1143 - [35mhttp[39m: [35mPOST /api/movie 422 222 - 11.489 ms[39m
[35m[39m
2024-10-21 12:13:07:137 - [35mhttp[39m: [35mPOST /api/movie 422 146 - 2.196 ms[39m
[35m[39m
2024-10-21 12:14:16:1416 - [35mhttp[39m: [35mPOST /api/movie 422 148 - 1.405 ms[39m
[35m[39m
2024-10-21 12:14:23:1423 - [35mhttp[39m: [35mPOST /api/movie 422 114 - 1.152 ms[39m
[35m[39m
2024-10-21 12:14:33:1433 - [35mhttp[39m: [35mPOST /api/movie 422 114 - 1.083 ms[39m
[35m[39m
2024-10-21 12:15:40:1540 - [35mhttp[39m: [35mPOST /api/movie 422 81 - 1.451 ms[39m
[35m[39m
2024-10-21 12:18:37:1837 - [35mhttp[39m: [35mPOST /api/movie 422 49 - 9.613 ms[39m
[35m[39m
2024-10-21 12:19:43:1943 - [35mhttp[39m: [35mPOST /api/movie 201 389 - 86.165 ms[39m
[35m[39m
2024-10-21 12:21:20:2120 - [32minfo[39m: [32mConectou ao banco de dados![39m
2024-10-21 12:21:20:2120 - [32minfo[39m: [32mAplicação está funcionando na porta: 3000[39m
2024-10-21 12:22:39:2239 - [35mhttp[39m: [35mPATCH /api/movie/671638cf39e37577a0d93798 200 36 - 109.270 ms[39m
[35m[39m
2024-10-21 12:24:48:2448 - [35mhttp[39m: [35mPATCH /api/movie/671638cf39e37577a0d93798 200 36 - 94.601 ms[39m
[35m[39m
2024-10-21 12:27:28:2728 - [32minfo[39m: [32mConectou ao banco de dados![39m
2024-10-21 12:27:28:2728 - [32minfo[39m: [32mAplicação está funcionando na porta: 3000[39m
2024-10-21 12:29:32:2932 - [35mhttp[39m: [35mPOST /api/movie 422 76 - 9.122 ms[39m
[35m[39m
2024-10-21 12:32:24:3224 - [32minfo[39m: [32mConectou ao banco de dados![39m
2024-10-21 12:32:24:3224 - [32minfo[39m: [32mAplicação está funcionando na porta: 3000[39m
2024-10-21 12:32:26:3226 - [35mhttp[39m: [35mPOST /api/movie 422 104 - 8.186 ms[39m
[35m[39m
2024-10-21 12:32:47:3247 - [35mhttp[39m: [35mPOST /api/movie 422 104 - 4.323 ms[39m
[35m[39m
2024-10-21 12:32:53:3253 - [35mhttp[39m: [35mPOST /api/movie 422 76 - 1.617 ms[39m
[35m[39m
2024-10-21 12:33:12:3312 - [32minfo[39m: [32mConectou ao banco de dados![39m
2024-10-21 12:33:12:3312 - [32minfo[39m: [32mAplicação está funcionando na porta: 3000[39m
2024-10-21 12:33:13:3313 - [35mhttp[39m: [35mPOST /api/movie 422 92 - 7.401 ms[39m
[35m[39m
2024-10-21 12:33:33:3333 - [35mhttp[39m: [35mPOST /api/movie 422 76 - 2.123 ms[39m
[35m[39m
2024-10-21 12:34:29:3429 - [32minfo[39m: [32mConectou ao banco de dados![39m
2024-10-21 12:34:29:3429 - [32minfo[39m: [32mAplicação está funcionando na porta: 3000[39m
2024-10-21 12:34:31:3431 - [35mhttp[39m: [35mPOST /api/movie 422 76 - 7.107 ms[39m
[35m[39m
2024-10-21 12:34:51:3451 - [35mhttp[39m: [35mPOST /api/movie 422 142 - 6.485 ms[39m
[35m[39m
2024-10-21 12:35:25:3525 - [35mhttp[39m: [35mPOST /api/movie 422 108 - 3.224 ms[39m
[35m[39m
2024-10-21 12:35:36:3536 - [35mhttp[39m: [35mPOST /api/movie 422 76 - 2.045 ms[39m
[35m[39m
2024-10-21 12:35:40:3540 - [35mhttp[39m: [35mPOST /api/movie 422 110 - 0.953 ms[39m
[35m[39m
2024-10-21 12:35:45:3545 - [35mhttp[39m: [35mPOST /api/movie 422 76 - 0.690 ms[39m
[35m[39m
2024-10-21 12:37:50:3750 - [32minfo[39m: [32mConectou ao banco de dados![39m
2024-10-21 12:37:50:3750 - [32minfo[39m: [32mAplicação está funcionando na porta: 3000[39m
2024-11-04 16:50:40:5040 - [32minfo[39m: [32mConectou ao banco de dados![39m
2024-11-04 16:50:40:5040 - [32minfo[39m: [32mAplicação está funcionando na porta: 3000[39m
2024-11-04 17:09:41:941 - [32minfo[39m: [32mConectou ao banco de dados![39m
2024-11-04 17:09:41:941 - [32minfo[39m: [32mAplicação está funcionando na porta: 3000[39m
2024-11-04 17:10:44:1044 - [32minfo[39m: [32mConectou ao banco de dados![39m
2024-11-04 17:10:44:1044 - [32minfo[39m: [32mAplicação está funcionando na porta: 3000[39m
2024-11-04 17:11:20:1120 - [32minfo[39m: [32mConectou ao banco de dados![39m
2024-11-04 17:11:20:1120 - [32minfo[39m: [32mAplicação está funcionando na porta: 3000[39m
2024-11-04 17:11:58:1158 - [32minfo[39m: [32mConectou ao banco de dados![39m
2024-11-04 17:11:58:1158 - [32minfo[39m: [32mAplicação está funcionando na porta: 3000[39m
